Flow report for KOMPIC
Tue May 15 07:18:20 2018
Quartus II Version 9.1 Build 222 10/21/2009 SJ Web Edition


---------------------
; Table of Contents ;
---------------------
  1. Legal Notice
  2. Flow Summary
  3. Flow Settings
  4. Flow Non-Default Global Settings
  5. Flow Elapsed Time
  6. Flow OS Summary
  7. Flow Log



----------------
; Legal Notice ;
----------------
Copyright (C) 1991-2009 Altera Corporation
Your use of Altera Corporation's design tools, logic functions 
and other software and tools, and its AMPP partner logic 
functions, and any output files from any of the foregoing 
(including device programming or simulation files), and any 
associated documentation or information are expressly subject 
to the terms and conditions of the Altera Program License 
Subscription Agreement, Altera MegaCore Function License 
Agreement, or other applicable license agreement, including, 
without limitation, that your use is for the sole purpose of 
programming logic devices manufactured by Altera and sold by 
Altera or its authorized distributors.  Please refer to the 
applicable agreement for further details.



+-------------------------------------------------------------------------+
; Flow Summary                                                            ;
+-------------------------------+-----------------------------------------+
; Flow Status                   ; Successful - Tue May 15 07:18:20 2018   ;
; Quartus II Version            ; 9.1 Build 222 10/21/2009 SJ Web Edition ;
; Revision Name                 ; KOMPIC                                  ;
; Top-level Entity Name         ; KOMPIC                                  ;
; Family                        ; Stratix II                              ;
; Met timing requirements       ; N/A                                     ;
; Logic utilization             ; N/A                                     ;
;     Combinational ALUTs       ; 803                                     ;
;     Dedicated logic registers ; 574                                     ;
; Total registers               ; 574                                     ;
; Total pins                    ; 172                                     ;
; Total virtual pins            ; 0                                       ;
; Total block memory bits       ; 57,344                                  ;
; DSP block 9-bit elements      ; 0                                       ;
; Total PLLs                    ; 0                                       ;
; Total DLLs                    ; 0                                       ;
+-------------------------------+-----------------------------------------+


+-----------------------------------------+
; Flow Settings                           ;
+-------------------+---------------------+
; Option            ; Setting             ;
+-------------------+---------------------+
; Start date & time ; 05/15/2018 07:18:12 ;
; Main task         ; Compilation         ;
; Revision Name     ; KOMPIC              ;
+-------------------+---------------------+


+--------------------------------------------------------------------------------------------------------------------+
; Flow Non-Default Global Settings                                                                                   ;
+------------------------------------+--------------------------------+---------------+-------------+----------------+
; Assignment Name                    ; Value                          ; Default Value ; Entity Name ; Section Id     ;
+------------------------------------+--------------------------------+---------------+-------------+----------------+
; COMPILER_SIGNATURE_ID              ; 10995770589187.152635789223248 ; --            ; --          ; --             ;
; IP_TOOL_NAME                       ; LPM_DECODE                     ; --            ; --          ; --             ;
; IP_TOOL_NAME                       ; LPM_OR                         ; --            ; --          ; --             ;
; IP_TOOL_NAME                       ; LPM_AND                        ; --            ; --          ; --             ;
; IP_TOOL_NAME                       ; LPM_INV                        ; --            ; --          ; --             ;
; IP_TOOL_NAME                       ; LPM_XOR                        ; --            ; --          ; --             ;
; IP_TOOL_NAME                       ; LPM_ADD_SUB                    ; --            ; --          ; --             ;
; IP_TOOL_NAME                       ; LPM_ADD_SUB                    ; --            ; --          ; --             ;
; IP_TOOL_NAME                       ; LPM_ADD_SUB                    ; --            ; --          ; --             ;
; IP_TOOL_NAME                       ; LPM_CONSTANT                   ; --            ; --          ; --             ;
; IP_TOOL_NAME                       ; LPM_CLSHIFT                    ; --            ; --          ; --             ;
; IP_TOOL_NAME                       ; LPM_DECODE                     ; --            ; --          ; --             ;
; IP_TOOL_NAME                       ; LPM_BUSTRI                     ; --            ; --          ; --             ;
; IP_TOOL_NAME                       ; LPM_BUSTRI                     ; --            ; --          ; --             ;
; IP_TOOL_NAME                       ; LPM_ADD_SUB                    ; --            ; --          ; --             ;
; IP_TOOL_NAME                       ; LPM_FF                         ; --            ; --          ; --             ;
; IP_TOOL_NAME                       ; LPM_BUSTRI                     ; --            ; --          ; --             ;
; IP_TOOL_NAME                       ; LPM_FF                         ; --            ; --          ; --             ;
; IP_TOOL_NAME                       ; LPM_COMPARE                    ; --            ; --          ; --             ;
; IP_TOOL_NAME                       ; LPM_FF                         ; --            ; --          ; --             ;
; IP_TOOL_NAME                       ; LPM_COUNTER                    ; --            ; --          ; --             ;
; IP_TOOL_NAME                       ; LPM_DECODE                     ; --            ; --          ; --             ;
; IP_TOOL_NAME                       ; LPM_DECODE                     ; --            ; --          ; --             ;
; IP_TOOL_NAME                       ; LPM_FF                         ; --            ; --          ; --             ;
; IP_TOOL_NAME                       ; LPM_COUNTER                    ; --            ; --          ; --             ;
; IP_TOOL_NAME                       ; LPM_COUNTER                    ; --            ; --          ; --             ;
; IP_TOOL_NAME                       ; LPM_FF                         ; --            ; --          ; --             ;
; IP_TOOL_NAME                       ; LPM_BUSTRI                     ; --            ; --          ; --             ;
; IP_TOOL_NAME                       ; LPM_BUSTRI                     ; --            ; --          ; --             ;
; IP_TOOL_NAME                       ; LPM_FF                         ; --            ; --          ; --             ;
; IP_TOOL_NAME                       ; LPM_FF                         ; --            ; --          ; --             ;
; IP_TOOL_NAME                       ; LPM_ADD_SUB                    ; --            ; --          ; --             ;
; IP_TOOL_NAME                       ; LPM_COMPARE                    ; --            ; --          ; --             ;
; IP_TOOL_NAME                       ; LPM_COMPARE                    ; --            ; --          ; --             ;
; IP_TOOL_NAME                       ; LPM_FF                         ; --            ; --          ; --             ;
; IP_TOOL_NAME                       ; LPM_RAM_DQ                     ; --            ; --          ; --             ;
; IP_TOOL_NAME                       ; LPM_ROM                        ; --            ; --          ; --             ;
; IP_TOOL_NAME                       ; LPM_RAM_DQ                     ; --            ; --          ; --             ;
; IP_TOOL_NAME                       ; LPM_ROM                        ; --            ; --          ; --             ;
; IP_TOOL_NAME                       ; LPM_FF                         ; --            ; --          ; --             ;
; IP_TOOL_NAME                       ; LPM_DECODE                     ; --            ; --          ; --             ;
; IP_TOOL_NAME                       ; LPM_RAM_DQ                     ; --            ; --          ; --             ;
; IP_TOOL_NAME                       ; LPM_COUNTER                    ; --            ; --          ; --             ;
; IP_TOOL_NAME                       ; LPM_FF                         ; --            ; --          ; --             ;
; IP_TOOL_NAME                       ; LPM_DECODE                     ; --            ; --          ; --             ;
; IP_TOOL_NAME                       ; LPM_CONSTANT                   ; --            ; --          ; --             ;
; IP_TOOL_NAME                       ; LPM_BUSTRI                     ; --            ; --          ; --             ;
; IP_TOOL_NAME                       ; LPM_DECODE                     ; --            ; --          ; --             ;
; IP_TOOL_NAME                       ; LPM_DECODE                     ; --            ; --          ; --             ;
; IP_TOOL_NAME                       ; LPM_CONSTANT                   ; --            ; --          ; --             ;
; IP_TOOL_NAME                       ; LPM_ADD_SUB                    ; --            ; --          ; --             ;
; IP_TOOL_NAME                       ; LPM_OR                         ; --            ; --          ; --             ;
; IP_TOOL_NAME                       ; LPM_OR                         ; --            ; --          ; --             ;
; IP_TOOL_NAME                       ; LPM_DECODE                     ; --            ; --          ; --             ;
; IP_TOOL_NAME                       ; LPM_OR                         ; --            ; --          ; --             ;
; IP_TOOL_NAME                       ; LPM_FF                         ; --            ; --          ; --             ;
; IP_TOOL_NAME                       ; LPM_CONSTANT                   ; --            ; --          ; --             ;
; IP_TOOL_NAME                       ; LPM_OR                         ; --            ; --          ; --             ;
; IP_TOOL_NAME                       ; LPM_OR                         ; --            ; --          ; --             ;
; IP_TOOL_NAME                       ; LPM_OR                         ; --            ; --          ; --             ;
; IP_TOOL_NAME                       ; LPM_OR                         ; --            ; --          ; --             ;
; IP_TOOL_NAME                       ; LPM_OR                         ; --            ; --          ; --             ;
; IP_TOOL_NAME                       ; LPM_OR                         ; --            ; --          ; --             ;
; IP_TOOL_NAME                       ; LPM_OR                         ; --            ; --          ; --             ;
; IP_TOOL_NAME                       ; LPM_DECODE                     ; --            ; --          ; --             ;
; IP_TOOL_NAME                       ; LPM_OR                         ; --            ; --          ; --             ;
; IP_TOOL_NAME                       ; LPM_OR                         ; --            ; --          ; --             ;
; IP_TOOL_NAME                       ; LPM_OR                         ; --            ; --          ; --             ;
; IP_TOOL_NAME                       ; LPM_OR                         ; --            ; --          ; --             ;
; IP_TOOL_NAME                       ; LPM_DECODE                     ; --            ; --          ; --             ;
; IP_TOOL_NAME                       ; LPM_OR                         ; --            ; --          ; --             ;
; IP_TOOL_NAME                       ; LPM_OR                         ; --            ; --          ; --             ;
; IP_TOOL_NAME                       ; LPM_OR                         ; --            ; --          ; --             ;
; IP_TOOL_NAME                       ; LPM_DECODE                     ; --            ; --          ; --             ;
; IP_TOOL_NAME                       ; LPM_DECODE                     ; --            ; --          ; --             ;
; IP_TOOL_NAME                       ; LPM_OR                         ; --            ; --          ; --             ;
; IP_TOOL_NAME                       ; LPM_DECODE                     ; --            ; --          ; --             ;
; IP_TOOL_NAME                       ; LPM_OR                         ; --            ; --          ; --             ;
; IP_TOOL_NAME                       ; LPM_OR                         ; --            ; --          ; --             ;
; IP_TOOL_NAME                       ; LPM_DECODE                     ; --            ; --          ; --             ;
; IP_TOOL_NAME                       ; LPM_OR                         ; --            ; --          ; --             ;
; IP_TOOL_NAME                       ; LPM_OR                         ; --            ; --          ; --             ;
; IP_TOOL_NAME                       ; LPM_OR                         ; --            ; --          ; --             ;
; IP_TOOL_NAME                       ; LPM_DECODE                     ; --            ; --          ; --             ;
; IP_TOOL_NAME                       ; LPM_FF                         ; --            ; --          ; --             ;
; IP_TOOL_NAME                       ; LPM_OR                         ; --            ; --          ; --             ;
; IP_TOOL_NAME                       ; LPM_OR                         ; --            ; --          ; --             ;
; IP_TOOL_NAME                       ; LPM_FF                         ; --            ; --          ; --             ;
; IP_TOOL_NAME                       ; LPM_DECODE                     ; --            ; --          ; --             ;
; IP_TOOL_NAME                       ; LPM_DECODE                     ; --            ; --          ; --             ;
; IP_TOOL_VERSION                    ; 9.1                            ; --            ; --          ; --             ;
; IP_TOOL_VERSION                    ; 9.1                            ; --            ; --          ; --             ;
; IP_TOOL_VERSION                    ; 9.1                            ; --            ; --          ; --             ;
; IP_TOOL_VERSION                    ; 9.1                            ; --            ; --          ; --             ;
; IP_TOOL_VERSION                    ; 9.1                            ; --            ; --          ; --             ;
; IP_TOOL_VERSION                    ; 9.1                            ; --            ; --          ; --             ;
; IP_TOOL_VERSION                    ; 9.1                            ; --            ; --          ; --             ;
; IP_TOOL_VERSION                    ; 9.1                            ; --            ; --          ; --             ;
; IP_TOOL_VERSION                    ; 9.1                            ; --            ; --          ; --             ;
; IP_TOOL_VERSION                    ; 9.1                            ; --            ; --          ; --             ;
; IP_TOOL_VERSION                    ; 9.1                            ; --            ; --          ; --             ;
; IP_TOOL_VERSION                    ; 9.1                            ; --            ; --          ; --             ;
; IP_TOOL_VERSION                    ; 9.1                            ; --            ; --          ; --             ;
; IP_TOOL_VERSION                    ; 9.1                            ; --            ; --          ; --             ;
; IP_TOOL_VERSION                    ; 9.1                            ; --            ; --          ; --             ;
; IP_TOOL_VERSION                    ; 9.1                            ; --            ; --          ; --             ;
; IP_TOOL_VERSION                    ; 9.1                            ; --            ; --          ; --             ;
; IP_TOOL_VERSION                    ; 9.1                            ; --            ; --          ; --             ;
; IP_TOOL_VERSION                    ; 9.1                            ; --            ; --          ; --             ;
; IP_TOOL_VERSION                    ; 9.1                            ; --            ; --          ; --             ;
; IP_TOOL_VERSION                    ; 9.1                            ; --            ; --          ; --             ;
; IP_TOOL_VERSION                    ; 9.1                            ; --            ; --          ; --             ;
; IP_TOOL_VERSION                    ; 9.1                            ; --            ; --          ; --             ;
; IP_TOOL_VERSION                    ; 9.1                            ; --            ; --          ; --             ;
; IP_TOOL_VERSION                    ; 9.1                            ; --            ; --          ; --             ;
; IP_TOOL_VERSION                    ; 9.1                            ; --            ; --          ; --             ;
; IP_TOOL_VERSION                    ; 9.1                            ; --            ; --          ; --             ;
; IP_TOOL_VERSION                    ; 9.1                            ; --            ; --          ; --             ;
; IP_TOOL_VERSION                    ; 9.1                            ; --            ; --          ; --             ;
; IP_TOOL_VERSION                    ; 9.1                            ; --            ; --          ; --             ;
; IP_TOOL_VERSION                    ; 9.1                            ; --            ; --          ; --             ;
; IP_TOOL_VERSION                    ; 9.1                            ; --            ; --          ; --             ;
; IP_TOOL_VERSION                    ; 9.1                            ; --            ; --          ; --             ;
; IP_TOOL_VERSION                    ; 9.1                            ; --            ; --          ; --             ;
; IP_TOOL_VERSION                    ; 9.1                            ; --            ; --          ; --             ;
; IP_TOOL_VERSION                    ; 9.1                            ; --            ; --          ; --             ;
; IP_TOOL_VERSION                    ; 9.1                            ; --            ; --          ; --             ;
; IP_TOOL_VERSION                    ; 9.1                            ; --            ; --          ; --             ;
; IP_TOOL_VERSION                    ; 9.1                            ; --            ; --          ; --             ;
; IP_TOOL_VERSION                    ; 9.1                            ; --            ; --          ; --             ;
; IP_TOOL_VERSION                    ; 9.1                            ; --            ; --          ; --             ;
; IP_TOOL_VERSION                    ; 9.1                            ; --            ; --          ; --             ;
; IP_TOOL_VERSION                    ; 9.1                            ; --            ; --          ; --             ;
; IP_TOOL_VERSION                    ; 9.1                            ; --            ; --          ; --             ;
; IP_TOOL_VERSION                    ; 9.1                            ; --            ; --          ; --             ;
; IP_TOOL_VERSION                    ; 9.1                            ; --            ; --          ; --             ;
; IP_TOOL_VERSION                    ; 9.1                            ; --            ; --          ; --             ;
; IP_TOOL_VERSION                    ; 9.1                            ; --            ; --          ; --             ;
; IP_TOOL_VERSION                    ; 9.1                            ; --            ; --          ; --             ;
; IP_TOOL_VERSION                    ; 9.1                            ; --            ; --          ; --             ;
; IP_TOOL_VERSION                    ; 9.1                            ; --            ; --          ; --             ;
; IP_TOOL_VERSION                    ; 9.1                            ; --            ; --          ; --             ;
; IP_TOOL_VERSION                    ; 9.1                            ; --            ; --          ; --             ;
; IP_TOOL_VERSION                    ; 9.1                            ; --            ; --          ; --             ;
; IP_TOOL_VERSION                    ; 9.1                            ; --            ; --          ; --             ;
; IP_TOOL_VERSION                    ; 9.1                            ; --            ; --          ; --             ;
; IP_TOOL_VERSION                    ; 9.1                            ; --            ; --          ; --             ;
; IP_TOOL_VERSION                    ; 9.1                            ; --            ; --          ; --             ;
; IP_TOOL_VERSION                    ; 9.1                            ; --            ; --          ; --             ;
; IP_TOOL_VERSION                    ; 9.1                            ; --            ; --          ; --             ;
; IP_TOOL_VERSION                    ; 9.1                            ; --            ; --          ; --             ;
; IP_TOOL_VERSION                    ; 9.1                            ; --            ; --          ; --             ;
; IP_TOOL_VERSION                    ; 9.1                            ; --            ; --          ; --             ;
; IP_TOOL_VERSION                    ; 9.1                            ; --            ; --          ; --             ;
; IP_TOOL_VERSION                    ; 9.1                            ; --            ; --          ; --             ;
; IP_TOOL_VERSION                    ; 9.1                            ; --            ; --          ; --             ;
; IP_TOOL_VERSION                    ; 9.1                            ; --            ; --          ; --             ;
; IP_TOOL_VERSION                    ; 9.1                            ; --            ; --          ; --             ;
; IP_TOOL_VERSION                    ; 9.1                            ; --            ; --          ; --             ;
; IP_TOOL_VERSION                    ; 9.1                            ; --            ; --          ; --             ;
; IP_TOOL_VERSION                    ; 9.1                            ; --            ; --          ; --             ;
; IP_TOOL_VERSION                    ; 9.1                            ; --            ; --          ; --             ;
; IP_TOOL_VERSION                    ; 9.1                            ; --            ; --          ; --             ;
; IP_TOOL_VERSION                    ; 9.1                            ; --            ; --          ; --             ;
; IP_TOOL_VERSION                    ; 9.1                            ; --            ; --          ; --             ;
; IP_TOOL_VERSION                    ; 9.1                            ; --            ; --          ; --             ;
; IP_TOOL_VERSION                    ; 9.1                            ; --            ; --          ; --             ;
; IP_TOOL_VERSION                    ; 9.1                            ; --            ; --          ; --             ;
; IP_TOOL_VERSION                    ; 9.1                            ; --            ; --          ; --             ;
; IP_TOOL_VERSION                    ; 9.1                            ; --            ; --          ; --             ;
; IP_TOOL_VERSION                    ; 9.1                            ; --            ; --          ; --             ;
; IP_TOOL_VERSION                    ; 9.1                            ; --            ; --          ; --             ;
; IP_TOOL_VERSION                    ; 9.1                            ; --            ; --          ; --             ;
; IP_TOOL_VERSION                    ; 9.1                            ; --            ; --          ; --             ;
; IP_TOOL_VERSION                    ; 9.1                            ; --            ; --          ; --             ;
; IP_TOOL_VERSION                    ; 9.1                            ; --            ; --          ; --             ;
; IP_TOOL_VERSION                    ; 9.1                            ; --            ; --          ; --             ;
; IP_TOOL_VERSION                    ; 9.1                            ; --            ; --          ; --             ;
; IP_TOOL_VERSION                    ; 9.1                            ; --            ; --          ; --             ;
; MISC_FILE                          ; E:/books/6/ÊÏý/KOMPIC.dpf      ; --            ; --          ; --             ;
; MISC_FILE                          ; lpm_decode14.bsf               ; --            ; --          ; --             ;
; MISC_FILE                          ; lpm_decode14.inc               ; --            ; --          ; --             ;
; MISC_FILE                          ; lpm_decode14.cmp               ; --            ; --          ; --             ;
; MISC_FILE                          ; lpm_or20.bsf                   ; --            ; --          ; --             ;
; MISC_FILE                          ; lpm_or20.inc                   ; --            ; --          ; --             ;
; MISC_FILE                          ; lpm_or20.cmp                   ; --            ; --          ; --             ;
; MISC_FILE                          ; lpm_and0.bsf                   ; --            ; --          ; --             ;
; MISC_FILE                          ; lpm_and0.inc                   ; --            ; --          ; --             ;
; MISC_FILE                          ; lpm_and0.cmp                   ; --            ; --          ; --             ;
; MISC_FILE                          ; lpm_inv0.bsf                   ; --            ; --          ; --             ;
; MISC_FILE                          ; lpm_inv0.inc                   ; --            ; --          ; --             ;
; MISC_FILE                          ; lpm_inv0.cmp                   ; --            ; --          ; --             ;
; MISC_FILE                          ; lpm_xor0.bsf                   ; --            ; --          ; --             ;
; MISC_FILE                          ; lpm_xor0.inc                   ; --            ; --          ; --             ;
; MISC_FILE                          ; lpm_xor0.cmp                   ; --            ; --          ; --             ;
; MISC_FILE                          ; lpm_add_sub0.bsf               ; --            ; --          ; --             ;
; MISC_FILE                          ; lpm_add_sub0.inc               ; --            ; --          ; --             ;
; MISC_FILE                          ; lpm_add_sub0.cmp               ; --            ; --          ; --             ;
; MISC_FILE                          ; lpm_add_sub1.bsf               ; --            ; --          ; --             ;
; MISC_FILE                          ; lpm_add_sub1.inc               ; --            ; --          ; --             ;
; MISC_FILE                          ; lpm_add_sub1.cmp               ; --            ; --          ; --             ;
; MISC_FILE                          ; lpm_add_sub2.bsf               ; --            ; --          ; --             ;
; MISC_FILE                          ; lpm_add_sub2.inc               ; --            ; --          ; --             ;
; MISC_FILE                          ; lpm_add_sub2.cmp               ; --            ; --          ; --             ;
; MISC_FILE                          ; lpm_constant0.bsf              ; --            ; --          ; --             ;
; MISC_FILE                          ; lpm_constant0.inc              ; --            ; --          ; --             ;
; MISC_FILE                          ; lpm_constant0.cmp              ; --            ; --          ; --             ;
; MISC_FILE                          ; lpm_clshift0.bsf               ; --            ; --          ; --             ;
; MISC_FILE                          ; lpm_clshift0.inc               ; --            ; --          ; --             ;
; MISC_FILE                          ; lpm_clshift0.cmp               ; --            ; --          ; --             ;
; MISC_FILE                          ; lpm_decode0.bsf                ; --            ; --          ; --             ;
; MISC_FILE                          ; lpm_decode0.inc                ; --            ; --          ; --             ;
; MISC_FILE                          ; lpm_decode0.cmp                ; --            ; --          ; --             ;
; MISC_FILE                          ; lpm_bustri0.bsf                ; --            ; --          ; --             ;
; MISC_FILE                          ; lpm_bustri0.inc                ; --            ; --          ; --             ;
; MISC_FILE                          ; lpm_bustri0.cmp                ; --            ; --          ; --             ;
; MISC_FILE                          ; lpm_bustri1.bsf                ; --            ; --          ; --             ;
; MISC_FILE                          ; lpm_bustri1.inc                ; --            ; --          ; --             ;
; MISC_FILE                          ; lpm_bustri1.cmp                ; --            ; --          ; --             ;
; MISC_FILE                          ; lpm_add_sub3.bsf               ; --            ; --          ; --             ;
; MISC_FILE                          ; lpm_add_sub3.inc               ; --            ; --          ; --             ;
; MISC_FILE                          ; lpm_add_sub3.cmp               ; --            ; --          ; --             ;
; MISC_FILE                          ; lpm_dff0.bsf                   ; --            ; --          ; --             ;
; MISC_FILE                          ; lpm_dff0.inc                   ; --            ; --          ; --             ;
; MISC_FILE                          ; lpm_dff0.cmp                   ; --            ; --          ; --             ;
; MISC_FILE                          ; lpm_bustri2.bsf                ; --            ; --          ; --             ;
; MISC_FILE                          ; lpm_bustri2.inc                ; --            ; --          ; --             ;
; MISC_FILE                          ; lpm_bustri2.cmp                ; --            ; --          ; --             ;
; MISC_FILE                          ; lpm_dff1.bsf                   ; --            ; --          ; --             ;
; MISC_FILE                          ; lpm_dff1.inc                   ; --            ; --          ; --             ;
; MISC_FILE                          ; lpm_dff1.cmp                   ; --            ; --          ; --             ;
; MISC_FILE                          ; lpm_compare0.bsf               ; --            ; --          ; --             ;
; MISC_FILE                          ; lpm_compare0.inc               ; --            ; --          ; --             ;
; MISC_FILE                          ; lpm_compare0.cmp               ; --            ; --          ; --             ;
; MISC_FILE                          ; lpm_dff2.bsf                   ; --            ; --          ; --             ;
; MISC_FILE                          ; lpm_dff2.inc                   ; --            ; --          ; --             ;
; MISC_FILE                          ; lpm_dff2.cmp                   ; --            ; --          ; --             ;
; MISC_FILE                          ; lpm_counter0.bsf               ; --            ; --          ; --             ;
; MISC_FILE                          ; lpm_counter0.inc               ; --            ; --          ; --             ;
; MISC_FILE                          ; lpm_counter0.cmp               ; --            ; --          ; --             ;
; MISC_FILE                          ; lpm_decode1.bsf                ; --            ; --          ; --             ;
; MISC_FILE                          ; lpm_decode1.inc                ; --            ; --          ; --             ;
; MISC_FILE                          ; lpm_decode1.cmp                ; --            ; --          ; --             ;
; MISC_FILE                          ; lpm_decode2.bsf                ; --            ; --          ; --             ;
; MISC_FILE                          ; lpm_decode2.inc                ; --            ; --          ; --             ;
; MISC_FILE                          ; lpm_decode2.cmp                ; --            ; --          ; --             ;
; MISC_FILE                          ; lpm_dff3.bsf                   ; --            ; --          ; --             ;
; MISC_FILE                          ; lpm_dff3.inc                   ; --            ; --          ; --             ;
; MISC_FILE                          ; lpm_dff3.cmp                   ; --            ; --          ; --             ;
; MISC_FILE                          ; lpm_counter1.bsf               ; --            ; --          ; --             ;
; MISC_FILE                          ; lpm_counter1.inc               ; --            ; --          ; --             ;
; MISC_FILE                          ; lpm_counter1.cmp               ; --            ; --          ; --             ;
; MISC_FILE                          ; lpm_counter2.bsf               ; --            ; --          ; --             ;
; MISC_FILE                          ; lpm_counter2.inc               ; --            ; --          ; --             ;
; MISC_FILE                          ; lpm_counter2.cmp               ; --            ; --          ; --             ;
; MISC_FILE                          ; lpm_dff4.bsf                   ; --            ; --          ; --             ;
; MISC_FILE                          ; lpm_dff4.inc                   ; --            ; --          ; --             ;
; MISC_FILE                          ; lpm_dff4.cmp                   ; --            ; --          ; --             ;
; MISC_FILE                          ; lpm_bustri3.bsf                ; --            ; --          ; --             ;
; MISC_FILE                          ; lpm_bustri3.inc                ; --            ; --          ; --             ;
; MISC_FILE                          ; lpm_bustri3.cmp                ; --            ; --          ; --             ;
; MISC_FILE                          ; lpm_bustri4.bsf                ; --            ; --          ; --             ;
; MISC_FILE                          ; lpm_bustri4.inc                ; --            ; --          ; --             ;
; MISC_FILE                          ; lpm_bustri4.cmp                ; --            ; --          ; --             ;
; MISC_FILE                          ; lpm_dff5.bsf                   ; --            ; --          ; --             ;
; MISC_FILE                          ; lpm_dff5.inc                   ; --            ; --          ; --             ;
; MISC_FILE                          ; lpm_dff5.cmp                   ; --            ; --          ; --             ;
; MISC_FILE                          ; lpm_dff6.bsf                   ; --            ; --          ; --             ;
; MISC_FILE                          ; lpm_dff6.inc                   ; --            ; --          ; --             ;
; MISC_FILE                          ; lpm_dff6.cmp                   ; --            ; --          ; --             ;
; MISC_FILE                          ; lpm_add_sub4.bsf               ; --            ; --          ; --             ;
; MISC_FILE                          ; lpm_add_sub4.inc               ; --            ; --          ; --             ;
; MISC_FILE                          ; lpm_add_sub4.cmp               ; --            ; --          ; --             ;
; MISC_FILE                          ; lpm_compare1.bsf               ; --            ; --          ; --             ;
; MISC_FILE                          ; lpm_compare1.inc               ; --            ; --          ; --             ;
; MISC_FILE                          ; lpm_compare1.cmp               ; --            ; --          ; --             ;
; MISC_FILE                          ; lpm_compare2.bsf               ; --            ; --          ; --             ;
; MISC_FILE                          ; lpm_compare2.inc               ; --            ; --          ; --             ;
; MISC_FILE                          ; lpm_compare2.cmp               ; --            ; --          ; --             ;
; MISC_FILE                          ; lpm_dff7.bsf                   ; --            ; --          ; --             ;
; MISC_FILE                          ; lpm_dff7.inc                   ; --            ; --          ; --             ;
; MISC_FILE                          ; lpm_dff7.cmp                   ; --            ; --          ; --             ;
; MISC_FILE                          ; lpm_ram_dq0.bsf                ; --            ; --          ; --             ;
; MISC_FILE                          ; lpm_ram_dq0.inc                ; --            ; --          ; --             ;
; MISC_FILE                          ; lpm_ram_dq0.cmp                ; --            ; --          ; --             ;
; MISC_FILE                          ; lpm_rom0.bsf                   ; --            ; --          ; --             ;
; MISC_FILE                          ; lpm_rom0.inc                   ; --            ; --          ; --             ;
; MISC_FILE                          ; lpm_rom0.cmp                   ; --            ; --          ; --             ;
; MISC_FILE                          ; lpm_ram_dq1.bsf                ; --            ; --          ; --             ;
; MISC_FILE                          ; lpm_ram_dq1.inc                ; --            ; --          ; --             ;
; MISC_FILE                          ; lpm_ram_dq1.cmp                ; --            ; --          ; --             ;
; MISC_FILE                          ; lpm_rom1.bsf                   ; --            ; --          ; --             ;
; MISC_FILE                          ; lpm_rom1.inc                   ; --            ; --          ; --             ;
; MISC_FILE                          ; lpm_rom1.cmp                   ; --            ; --          ; --             ;
; MISC_FILE                          ; lpm_dff8.bsf                   ; --            ; --          ; --             ;
; MISC_FILE                          ; lpm_dff8.inc                   ; --            ; --          ; --             ;
; MISC_FILE                          ; lpm_dff8.cmp                   ; --            ; --          ; --             ;
; MISC_FILE                          ; lpm_decode3.bsf                ; --            ; --          ; --             ;
; MISC_FILE                          ; lpm_decode3.inc                ; --            ; --          ; --             ;
; MISC_FILE                          ; lpm_decode3.cmp                ; --            ; --          ; --             ;
; MISC_FILE                          ; lpm_ram_dq2.bsf                ; --            ; --          ; --             ;
; MISC_FILE                          ; lpm_ram_dq2.inc                ; --            ; --          ; --             ;
; MISC_FILE                          ; lpm_ram_dq2.cmp                ; --            ; --          ; --             ;
; MISC_FILE                          ; lpm_counter3.bsf               ; --            ; --          ; --             ;
; MISC_FILE                          ; lpm_counter3.inc               ; --            ; --          ; --             ;
; MISC_FILE                          ; lpm_counter3.cmp               ; --            ; --          ; --             ;
; MISC_FILE                          ; lpm_dff9.bsf                   ; --            ; --          ; --             ;
; MISC_FILE                          ; lpm_dff9.inc                   ; --            ; --          ; --             ;
; MISC_FILE                          ; lpm_dff9.cmp                   ; --            ; --          ; --             ;
; MISC_FILE                          ; lpm_decode4.bsf                ; --            ; --          ; --             ;
; MISC_FILE                          ; lpm_decode4.inc                ; --            ; --          ; --             ;
; MISC_FILE                          ; lpm_decode4.cmp                ; --            ; --          ; --             ;
; MISC_FILE                          ; lpm_constant1.bsf              ; --            ; --          ; --             ;
; MISC_FILE                          ; lpm_constant1.inc              ; --            ; --          ; --             ;
; MISC_FILE                          ; lpm_constant1.cmp              ; --            ; --          ; --             ;
; MISC_FILE                          ; lpm_bustri5.bsf                ; --            ; --          ; --             ;
; MISC_FILE                          ; lpm_bustri5.inc                ; --            ; --          ; --             ;
; MISC_FILE                          ; lpm_bustri5.cmp                ; --            ; --          ; --             ;
; MISC_FILE                          ; lpm_decode5.bsf                ; --            ; --          ; --             ;
; MISC_FILE                          ; lpm_decode5.inc                ; --            ; --          ; --             ;
; MISC_FILE                          ; lpm_decode5.cmp                ; --            ; --          ; --             ;
; MISC_FILE                          ; lpm_decode6.bsf                ; --            ; --          ; --             ;
; MISC_FILE                          ; lpm_decode6.inc                ; --            ; --          ; --             ;
; MISC_FILE                          ; lpm_decode6.cmp                ; --            ; --          ; --             ;
; MISC_FILE                          ; lpm_constant2.bsf              ; --            ; --          ; --             ;
; MISC_FILE                          ; lpm_constant2.inc              ; --            ; --          ; --             ;
; MISC_FILE                          ; lpm_constant2.cmp              ; --            ; --          ; --             ;
; MISC_FILE                          ; lpm_add_sub5.bsf               ; --            ; --          ; --             ;
; MISC_FILE                          ; lpm_add_sub5.inc               ; --            ; --          ; --             ;
; MISC_FILE                          ; lpm_add_sub5.cmp               ; --            ; --          ; --             ;
; MISC_FILE                          ; lpm_or0.bsf                    ; --            ; --          ; --             ;
; MISC_FILE                          ; lpm_or0.inc                    ; --            ; --          ; --             ;
; MISC_FILE                          ; lpm_or0.cmp                    ; --            ; --          ; --             ;
; MISC_FILE                          ; lpm_or1.bsf                    ; --            ; --          ; --             ;
; MISC_FILE                          ; lpm_or1.inc                    ; --            ; --          ; --             ;
; MISC_FILE                          ; lpm_or1.cmp                    ; --            ; --          ; --             ;
; MISC_FILE                          ; lpm_decode7.bsf                ; --            ; --          ; --             ;
; MISC_FILE                          ; lpm_decode7.inc                ; --            ; --          ; --             ;
; MISC_FILE                          ; lpm_decode7.cmp                ; --            ; --          ; --             ;
; MISC_FILE                          ; lpm_or2.bsf                    ; --            ; --          ; --             ;
; MISC_FILE                          ; lpm_or2.inc                    ; --            ; --          ; --             ;
; MISC_FILE                          ; lpm_or2.cmp                    ; --            ; --          ; --             ;
; MISC_FILE                          ; lpm_dff10.bsf                  ; --            ; --          ; --             ;
; MISC_FILE                          ; lpm_dff10.inc                  ; --            ; --          ; --             ;
; MISC_FILE                          ; lpm_dff10.cmp                  ; --            ; --          ; --             ;
; MISC_FILE                          ; lpm_constant3.bsf              ; --            ; --          ; --             ;
; MISC_FILE                          ; lpm_constant3.inc              ; --            ; --          ; --             ;
; MISC_FILE                          ; lpm_constant3.cmp              ; --            ; --          ; --             ;
; MISC_FILE                          ; lpm_or3.bsf                    ; --            ; --          ; --             ;
; MISC_FILE                          ; lpm_or3.inc                    ; --            ; --          ; --             ;
; MISC_FILE                          ; lpm_or3.cmp                    ; --            ; --          ; --             ;
; MISC_FILE                          ; lpm_or4.bsf                    ; --            ; --          ; --             ;
; MISC_FILE                          ; lpm_or4.inc                    ; --            ; --          ; --             ;
; MISC_FILE                          ; lpm_or4.cmp                    ; --            ; --          ; --             ;
; MISC_FILE                          ; lpm_or5.bsf                    ; --            ; --          ; --             ;
; MISC_FILE                          ; lpm_or5.inc                    ; --            ; --          ; --             ;
; MISC_FILE                          ; lpm_or5.cmp                    ; --            ; --          ; --             ;
; MISC_FILE                          ; lpm_or6.bsf                    ; --            ; --          ; --             ;
; MISC_FILE                          ; lpm_or6.inc                    ; --            ; --          ; --             ;
; MISC_FILE                          ; lpm_or6.cmp                    ; --            ; --          ; --             ;
; MISC_FILE                          ; lpm_or7.bsf                    ; --            ; --          ; --             ;
; MISC_FILE                          ; lpm_or7.inc                    ; --            ; --          ; --             ;
; MISC_FILE                          ; lpm_or7.cmp                    ; --            ; --          ; --             ;
; MISC_FILE                          ; lpm_or8.bsf                    ; --            ; --          ; --             ;
; MISC_FILE                          ; lpm_or8.inc                    ; --            ; --          ; --             ;
; MISC_FILE                          ; lpm_or8.cmp                    ; --            ; --          ; --             ;
; MISC_FILE                          ; lpm_or9.bsf                    ; --            ; --          ; --             ;
; MISC_FILE                          ; lpm_or9.inc                    ; --            ; --          ; --             ;
; MISC_FILE                          ; lpm_or9.cmp                    ; --            ; --          ; --             ;
; MISC_FILE                          ; lpm_decode8.bsf                ; --            ; --          ; --             ;
; MISC_FILE                          ; lpm_decode8.inc                ; --            ; --          ; --             ;
; MISC_FILE                          ; lpm_decode8.cmp                ; --            ; --          ; --             ;
; MISC_FILE                          ; lpm_or10.bsf                   ; --            ; --          ; --             ;
; MISC_FILE                          ; lpm_or10.inc                   ; --            ; --          ; --             ;
; MISC_FILE                          ; lpm_or10.cmp                   ; --            ; --          ; --             ;
; MISC_FILE                          ; lpm_or11.bsf                   ; --            ; --          ; --             ;
; MISC_FILE                          ; lpm_or11.inc                   ; --            ; --          ; --             ;
; MISC_FILE                          ; lpm_or11.cmp                   ; --            ; --          ; --             ;
; MISC_FILE                          ; lpm_or12.bsf                   ; --            ; --          ; --             ;
; MISC_FILE                          ; lpm_or12.inc                   ; --            ; --          ; --             ;
; MISC_FILE                          ; lpm_or12.cmp                   ; --            ; --          ; --             ;
; MISC_FILE                          ; lpm_or13.bsf                   ; --            ; --          ; --             ;
; MISC_FILE                          ; lpm_or13.inc                   ; --            ; --          ; --             ;
; MISC_FILE                          ; lpm_or13.cmp                   ; --            ; --          ; --             ;
; MISC_FILE                          ; lpm_decode9.bsf                ; --            ; --          ; --             ;
; MISC_FILE                          ; lpm_decode9.inc                ; --            ; --          ; --             ;
; MISC_FILE                          ; lpm_decode9.cmp                ; --            ; --          ; --             ;
; MISC_FILE                          ; lpm_or14.bsf                   ; --            ; --          ; --             ;
; MISC_FILE                          ; lpm_or14.inc                   ; --            ; --          ; --             ;
; MISC_FILE                          ; lpm_or14.cmp                   ; --            ; --          ; --             ;
; MISC_FILE                          ; lpm_or15.bsf                   ; --            ; --          ; --             ;
; MISC_FILE                          ; lpm_or15.inc                   ; --            ; --          ; --             ;
; MISC_FILE                          ; lpm_or15.cmp                   ; --            ; --          ; --             ;
; MISC_FILE                          ; lpm_or16.bsf                   ; --            ; --          ; --             ;
; MISC_FILE                          ; lpm_or16.inc                   ; --            ; --          ; --             ;
; MISC_FILE                          ; lpm_or16.cmp                   ; --            ; --          ; --             ;
; MISC_FILE                          ; lpm_decode10.bsf               ; --            ; --          ; --             ;
; MISC_FILE                          ; lpm_decode10.inc               ; --            ; --          ; --             ;
; MISC_FILE                          ; lpm_decode10.cmp               ; --            ; --          ; --             ;
; MISC_FILE                          ; lpm_decode11.bsf               ; --            ; --          ; --             ;
; MISC_FILE                          ; lpm_decode11.inc               ; --            ; --          ; --             ;
; MISC_FILE                          ; lpm_decode11.cmp               ; --            ; --          ; --             ;
; MISC_FILE                          ; lpm_or17.bsf                   ; --            ; --          ; --             ;
; MISC_FILE                          ; lpm_or17.inc                   ; --            ; --          ; --             ;
; MISC_FILE                          ; lpm_or17.cmp                   ; --            ; --          ; --             ;
; MISC_FILE                          ; lpm_decode12.bsf               ; --            ; --          ; --             ;
; MISC_FILE                          ; lpm_decode12.inc               ; --            ; --          ; --             ;
; MISC_FILE                          ; lpm_decode12.cmp               ; --            ; --          ; --             ;
; MISC_FILE                          ; lpm_or18.bsf                   ; --            ; --          ; --             ;
; MISC_FILE                          ; lpm_or18.inc                   ; --            ; --          ; --             ;
; MISC_FILE                          ; lpm_or18.cmp                   ; --            ; --          ; --             ;
; MISC_FILE                          ; lpm_or19.bsf                   ; --            ; --          ; --             ;
; MISC_FILE                          ; lpm_or19.inc                   ; --            ; --          ; --             ;
; MISC_FILE                          ; lpm_or19.cmp                   ; --            ; --          ; --             ;
; MISC_FILE                          ; lpm_decode13.bsf               ; --            ; --          ; --             ;
; MISC_FILE                          ; lpm_decode13.inc               ; --            ; --          ; --             ;
; MISC_FILE                          ; lpm_decode13.cmp               ; --            ; --          ; --             ;
; MISC_FILE                          ; lpm_or21.bsf                   ; --            ; --          ; --             ;
; MISC_FILE                          ; lpm_or21.inc                   ; --            ; --          ; --             ;
; MISC_FILE                          ; lpm_or21.cmp                   ; --            ; --          ; --             ;
; MISC_FILE                          ; lpm_or22.bsf                   ; --            ; --          ; --             ;
; MISC_FILE                          ; lpm_or22.inc                   ; --            ; --          ; --             ;
; MISC_FILE                          ; lpm_or22.cmp                   ; --            ; --          ; --             ;
; MISC_FILE                          ; lpm_or23.bsf                   ; --            ; --          ; --             ;
; MISC_FILE                          ; lpm_or23.inc                   ; --            ; --          ; --             ;
; MISC_FILE                          ; lpm_or23.cmp                   ; --            ; --          ; --             ;
; MISC_FILE                          ; lpm_decode15.bsf               ; --            ; --          ; --             ;
; MISC_FILE                          ; lpm_decode15.inc               ; --            ; --          ; --             ;
; MISC_FILE                          ; lpm_decode15.cmp               ; --            ; --          ; --             ;
; MISC_FILE                          ; lpm_dff11.bsf                  ; --            ; --          ; --             ;
; MISC_FILE                          ; lpm_dff11.inc                  ; --            ; --          ; --             ;
; MISC_FILE                          ; lpm_dff11.cmp                  ; --            ; --          ; --             ;
; MISC_FILE                          ; lpm_or24.bsf                   ; --            ; --          ; --             ;
; MISC_FILE                          ; lpm_or24.inc                   ; --            ; --          ; --             ;
; MISC_FILE                          ; lpm_or24.cmp                   ; --            ; --          ; --             ;
; MISC_FILE                          ; lpm_or25.tdf                   ; --            ; --          ; --             ;
; MISC_FILE                          ; lpm_or25.bsf                   ; --            ; --          ; --             ;
; MISC_FILE                          ; lpm_or25_inst.tdf              ; --            ; --          ; --             ;
; MISC_FILE                          ; lpm_or25.inc                   ; --            ; --          ; --             ;
; MISC_FILE                          ; lpm_or25.cmp                   ; --            ; --          ; --             ;
; MISC_FILE                          ; lpm_dff12.bsf                  ; --            ; --          ; --             ;
; MISC_FILE                          ; lpm_dff12.inc                  ; --            ; --          ; --             ;
; MISC_FILE                          ; lpm_dff12.cmp                  ; --            ; --          ; --             ;
; MISC_FILE                          ; lpm_decode16.bsf               ; --            ; --          ; --             ;
; MISC_FILE                          ; lpm_decode16.inc               ; --            ; --          ; --             ;
; MISC_FILE                          ; lpm_decode16.cmp               ; --            ; --          ; --             ;
; MISC_FILE                          ; lpm_decode17.bsf               ; --            ; --          ; --             ;
; MISC_FILE                          ; lpm_decode17.inc               ; --            ; --          ; --             ;
; MISC_FILE                          ; lpm_decode17.cmp               ; --            ; --          ; --             ;
; PARTITION_COLOR                    ; 16764057                       ; --            ; --          ; Top            ;
; PARTITION_NETLIST_TYPE             ; SOURCE                         ; --            ; --          ; Top            ;
; USE_GENERATED_PHYSICAL_CONSTRAINTS ; Off                            ; --            ; --          ; eda_blast_fpga ;
+------------------------------------+--------------------------------+---------------+-------------+----------------+


+--------------------------------------------------------------------------------------------------------------------------+
; Flow Elapsed Time                                                                                                        ;
+----------------------+--------------+-------------------------+---------------------+------------------------------------+
; Module Name          ; Elapsed Time ; Average Processors Used ; Peak Virtual Memory ; Total CPU Time (on all processors) ;
+----------------------+--------------+-------------------------+---------------------+------------------------------------+
; Analysis & Synthesis ; 00:00:08     ; 1.0                     ; 304 MB              ; 00:00:08                           ;
; Total                ; 00:00:08     ; --                      ; --                  ; 00:00:08                           ;
+----------------------+--------------+-------------------------+---------------------+------------------------------------+


+---------------------------------------------------------------------------------------+
; Flow OS Summary                                                                       ;
+----------------------+------------------+---------------+------------+----------------+
; Module Name          ; Machine Hostname ; OS Name       ; OS Version ; Processor type ;
+----------------------+------------------+---------------+------------+----------------+
; Analysis & Synthesis ; Lenovo           ; Windows Vista ; 6.2        ; x86_64         ;
+----------------------+------------------+---------------+------------+----------------+


------------
; Flow Log ;
------------
quartus_map --read_settings_files=on --write_settings_files=off KOMPIC -c KOMPIC



